[2024-09-22T08:59:59.667908+00:00] njp.program.log.INFO: RDV patient updated {"id":"r1","patientID":"pa2"} []
[2024-09-22T09:05:06.896040+00:00] njp.program.log.INFO: RDV patient updated {"id":"r1","patientID":"pa1"} []
[2024-09-22T09:05:10.621970+00:00] njp.program.log.INFO: RDV patient updated {"id":"r1","patientID":"pa1"} []
[2024-09-22T09:05:14.151969+00:00] njp.program.log.INFO: RDV patient updated {"id":"r1","patientID":"pa2"} []
[2024-09-22T09:08:47.888796+00:00] njp.program.log.INFO: RDV speciality updated {"id":"r1","speciality":"B"} []
[2024-09-24T12:47:07.040998+00:00] njp.program.log.INFO: RDV speciality updated {"id":"r1","speciality":"B"} []
[2024-09-24T12:48:36.135568+00:00] njp.program.log.INFO: RDV patient updated {"id":"r1","patientID":"pa2"} []
[2024-09-24T12:49:08.357050+00:00] njp.program.log.INFO: RDV speciality updated {"id":"r1","speciality":"A"} []
[2024-09-24T13:46:56.548380+00:00] njp.program.log.INFO: RDV cancelled {"id":"r3"} []
[2024-09-24T13:47:14.209217+00:00] njp.program.log.INFO: RDV cancelled {"id":"r3"} []
[2024-09-24T13:47:24.720058+00:00] njp.program.log.INFO: RDV cancelled {"id":"r3"} []
[2024-09-24T13:47:27.925056+00:00] njp.program.log.INFO: RDV cancelled {"id":"r2"} []
[2024-09-24T13:47:29.771921+00:00] njp.program.log.INFO: RDV cancelled {"id":"r2"} []
[2024-09-24T13:47:30.230521+00:00] njp.program.log.INFO: RDV cancelled {"id":"r2"} []
[2024-09-24T13:47:30.605639+00:00] njp.program.log.INFO: RDV cancelled {"id":"r2"} []
[2024-09-24T13:47:30.994832+00:00] njp.program.log.INFO: RDV cancelled {"id":"r2"} []
[2024-09-24T13:48:36.071475+00:00] njp.program.log.INFO: RDV cancelled {"id":"r2"} []
[2024-09-24T12:17:49.762837+00:00] njp.program.log.INFO: RDV speciality updated {"id":"r1","speciality":"B"} []
[2024-09-24T12:17:55.685101+00:00] njp.program.log.INFO: RDV speciality updated {"id":"r1","speciality":"A"} []
[2024-09-24T12:18:14.795442+00:00] njp.program.log.INFO: RDV speciality updated {"id":"r1","speciality":"A"} []
[2024-09-24T12:20:13.581516+00:00] njp.program.log.INFO: RDV patient updated {"id":"r1","patientID":"pa2"} []
[2024-09-24T13:00:10.813387+00:00] njp.program.log.INFO: RDV speciality updated {"id":"r1","speciality":"B"} []
[2024-09-24T13:00:50.296410+00:00] njp.program.log.INFO: RDV speciality updated {"id":"r1","speciality":"B"} []
[2024-09-24T13:01:02.047454+00:00] njp.program.log.INFO: RDV speciality updated {"id":"r1","speciality":"B"} []
[2024-09-24T13:05:53.975760+00:00] njp.program.log.INFO: RDV speciality updated {"id":"r1","speciality":"B"} []
[2024-09-24T13:07:05.094936+00:00] njp.program.log.INFO: RDV speciality updated {"id":"r1","speciality":"B"} []
[2024-09-24T13:07:18.245402+00:00] njp.program.log.INFO: RDV speciality updated {"id":"r1","speciality":"B"} []
[2024-09-24T13:08:07.915774+00:00] njp.program.log.INFO: RDV speciality updated {"id":"r1","speciality":"B"} []
[2024-09-24T13:08:37.352024+00:00] njp.program.log.INFO: RDV speciality updated {"id":"r1","speciality":"B"} []
[2024-09-24T13:08:51.107939+00:00] njp.program.log.INFO: RDV speciality updated {"id":"r1","speciality":"B"} []
[2024-09-24T13:09:05.865030+00:00] njp.program.log.INFO: RDV speciality updated {"id":"r1","speciality":"B"} []
[2024-09-24T13:09:58.684477+00:00] njp.program.log.INFO: RDV speciality updated {"id":"r1","speciality":"B"} []
[2024-09-24T13:10:24.723412+00:00] njp.program.log.INFO: RDV speciality updated {"id":"r1","speciality":"B"} []
[2024-09-24T13:10:39.197640+00:00] njp.program.log.INFO: RDV speciality updated {"id":"r1","speciality":"B"} []
[2024-09-24T13:10:48.416724+00:00] njp.program.log.INFO: RDV speciality updated {"id":"r1","speciality":"A"} []
[2024-09-24T13:10:58.799455+00:00] njp.program.log.INFO: RDV patient updated {"id":"r1","patientID":"pa2"} []
[2024-09-24T13:11:36.975302+00:00] njp.program.log.INFO: RDV patient updated {"id":"r1","patientID":"pa1"} []
[2024-09-24T13:12:36.821532+00:00] njp.program.log.INFO: RDV speciality updated {"id":"r1","speciality":"B"} []
[2024-09-24T13:12:36.822894+00:00] njp.program.log.INFO: RDV patient updated {"id":"r1","patientID":"pa1"} []
[2024-09-24T13:46:31.477124+00:00] njp.program.log.INFO: RDV patient updated {"id":"r1","patientID":"pa2"} []
[2024-09-24T13:46:41.799671+00:00] njp.program.log.INFO: RDV speciality updated {"id":"r1","speciality":"B"} []
[2024-09-24T13:46:57.918135+00:00] njp.program.log.INFO: RDV speciality updated {"id":"r1","speciality":"B"} []
[2024-09-24T13:46:57.920270+00:00] njp.program.log.INFO: RDV patient updated {"id":"r1","patientID":"pa2"} []
[2024-09-24T13:55:54.636686+00:00] njp.program.log.INFO: RDV cancelled {"id":"r1"} []
[2024-09-24T14:30:40.726328+00:00] njp.program.log.INFO: RDV cancelled {"id":"r1"} []
[2024-09-24T14:30:50.216408+00:00] njp.program.log.INFO: RDV cancelled {"id":"r1"} []
[2024-09-24T14:30:51.151796+00:00] njp.program.log.INFO: RDV cancelled {"id":"r1"} []
[2024-09-25T07:35:51.888766+00:00] njp.program.log.INFO: RDV cancelled {"id":"r1"} []
[2024-09-25T07:37:57.690367+00:00] njp.program.log.INFO: RDV cancelled {"id":"r1"} []
[2024-09-25T07:44:04.155147+00:00] njp.program.log.INFO: RDV speciality updated {"id":"r1","speciality":"B"} []
[2024-09-25T07:44:33.367575+00:00] njp.program.log.INFO: RDV speciality updated {"id":"r1","speciality":"B"} []
[2024-09-25T07:50:30.327847+00:00] njp.program.log.INFO: RDV speciality updated {"id":"r1","speciality":"B"} []
[2024-10-02T19:27:48.683703+00:00] njp.program.log.INFO: RDV speciality updated {"id":"bd06948d-f000-4135-8c91-670659121010","speciality":"1e01171e-3d79-4ee2-9fb4-f00d58b8c2eb"} []
[2024-10-02T19:28:16.129896+00:00] njp.program.log.INFO: RDV speciality updated {"id":"bd06948d-f000-4135-8c91-670659121010","speciality":"1e01171e-3d79-4ee2-9fb4-f00d58b8c2eb"} []
[2024-10-02T19:28:54.843492+00:00] njp.program.log.INFO: RDV speciality updated {"id":"bd06948d-f000-4135-8c91-670659121010","speciality":"1e01171e-3d79-4ee2-9fb4-f00d58b8c2eb"} []
[2024-10-02T19:29:35.082937+00:00] njp.program.log.INFO: RDV speciality updated {"id":"bd06948d-f000-4135-8c91-670659121010","speciality":"1c883940-7914-48cf-8e7a-be360cad7ce3"} []
[2024-10-02T19:35:54.536348+00:00] njp.program.log.INFO: RDV speciality updated {"id":"bd06948d-f000-4135-8c91-670659121010","speciality":"1c883940-7914-48cf-8e7a-be360cad7ce3"} []
[2024-10-02T19:51:39.141971+00:00] njp.program.log.INFO: RDV cancelled {"id":"bd06948d-f000-4135-8c91-670659121010"} []
[2024-10-02T19:51:55.853779+00:00] njp.program.log.INFO: RDV cancelled {"id":"bd06948d-f000-4135-8c91-670659121010"} []
[2024-10-10T09:11:44.977642+00:00] njp.program.log.INFO: RDV payed {"id":"38da9596-389e-4e8d-a821-66cda7766388"} []
[2024-10-10T09:12:29.017541+00:00] njp.program.log.INFO: RDV payed {"id":"38da9596-389e-4e8d-a821-66cda7766388"} []
[2024-10-10T09:13:18.471270+00:00] njp.program.log.INFO: RDV payed {"id":"38da9596-389e-4e8d-a821-66cda7766388"} []
[2024-10-10T09:14:22.354633+00:00] njp.program.log.INFO: RDV payed {"id":"38da9596-389e-4e8d-a821-66cda7766388"} []
[2024-10-10T09:14:42.986101+00:00] njp.program.log.INFO: RDV payed {"id":"38da9596-389e-4e8d-a821-66cda7766388"} []
[2024-10-10T09:16:20.230926+00:00] njp.program.log.INFO: RDV payed {"id":"38da9596-389e-4e8d-a821-66cda7766388"} []
[2024-10-10T09:17:05.387864+00:00] njp.program.log.INFO: RDV payed {"id":"38da9596-389e-4e8d-a821-66cda7766388"} []
[2024-10-10T09:17:21.756885+00:00] njp.program.log.INFO: RDV payed {"id":"38da9596-389e-4e8d-a821-66cda7766388"} []
[2024-10-10T09:18:40.938066+00:00] njp.program.log.INFO: RDV payed {"id":"38da9596-389e-4e8d-a821-66cda7766388"} []
[2024-10-10T09:18:45.194936+00:00] njp.program.log.INFO: RDV payed {"id":"38da9596-389e-4e8d-a821-66cda7766388"} []
[2024-10-10T09:19:18.697098+00:00] njp.program.log.INFO: RDV payed {"id":"38da9596-389e-4e8d-a821-66cda7766388"} []
[2024-10-10T09:19:44.091535+00:00] njp.program.log.INFO: RDV payed {"id":"38da9596-389e-4e8d-a821-66cda7766388"} []
[2024-10-10T09:20:26.389517+00:00] njp.program.log.INFO: RDV payed {"id":"38da9596-389e-4e8d-a821-66cda7766388"} []
